[debug] [2023-02-09T05:55:14.930Z] ----------------------------------------------------------------------
[debug] [2023-02-09T05:55:14.931Z] Command:       /home/jc/.local/share/nvm/v16.19.0/bin/node /home/jc/.local/share/pnpm/global/5/node_modules/firebase-tools/lib/bin/firebase.js init functions
[debug] [2023-02-09T05:55:14.932Z] CLI Version:   11.22.0
[debug] [2023-02-09T05:55:14.932Z] Platform:      linux
[debug] [2023-02-09T05:55:14.932Z] Node Version:  v16.19.0
[debug] [2023-02-09T05:55:14.932Z] Time:          Thu Feb 09 2023 00:55:14 GMT-0500 (Eastern Standard Time)
[debug] [2023-02-09T05:55:14.932Z] ----------------------------------------------------------------------
[debug] 
[debug] [2023-02-09T05:55:14.967Z] > command requires scopes: ["email","openid","https://www.googleapis.com/auth/cloudplatformprojects.readonly","https://www.googleapis.com/auth/firebase","https://www.googleapis.com/auth/cloud-platform"]
[debug] [2023-02-09T05:55:14.967Z] > authorizing via signed-in user (jcwuchen00@gmail.com)
[info] 
     ######## #### ########  ######## ########     ###     ######  ########
     ##        ##  ##     ## ##       ##     ##  ##   ##  ##       ##
     ######    ##  ########  ######   ########  #########  ######  ######
     ##        ##  ##    ##  ##       ##     ## ##     ##       ## ##
     ##       #### ##     ## ######## ########  ##     ##  ######  ########

You're about to initialize a Firebase project in this directory:

  /home/jc/ghq/juancwu/playground/notion/notion-integration

Before we get started, keep in mind:

  * You are initializing within an existing Firebase project directory

[info] 
=== Project Setup
[info] 
[info] First, let's associate this project directory with a Firebase project.
[info] You can create multiple project aliases by running firebase use --add, 
[info] but for now we'll just set up a default project.
[info] 
[debug] [2023-02-09T05:55:14.969Z] Using project from CLI flag: notion-integration-83432
[debug] [2023-02-09T05:55:14.971Z] >>> [apiv2][query] GET https://firebase.googleapis.com/v1beta1/projects/notion-integration-83432 [none]
[debug] [2023-02-09T05:55:15.285Z] <<< [apiv2][status] GET https://firebase.googleapis.com/v1beta1/projects/notion-integration-83432 200
[debug] [2023-02-09T05:55:15.285Z] <<< [apiv2][body] GET https://firebase.googleapis.com/v1beta1/projects/notion-integration-83432 {"projectId":"notion-integration-83432","projectNumber":"424645681296","displayName":"notion-integration","name":"projects/notion-integration-83432","resources":{"hostingSite":"notion-integration-83432"},"state":"ACTIVE","etag":"1_033ad811-bab6-4fa0-a150-82c92bf35fbb"}
[info] i  Using project notion-integration-83432 (notion-integration) 
[info] 
=== Functions Setup
[debug] [2023-02-09T05:55:15.289Z] > command requires scopes: ["email","openid","https://www.googleapis.com/auth/cloudplatformprojects.readonly","https://www.googleapis.com/auth/firebase","https://www.googleapis.com/auth/cloud-platform"]
[debug] [2023-02-09T05:55:15.289Z] > authorizing via signed-in user (jcwuchen00@gmail.com)
[debug] [2023-02-09T05:55:15.289Z] [iam] checking project notion-integration-83432 for permissions ["firebase.projects.get"]
[debug] [2023-02-09T05:55:15.289Z] >>> [apiv2][query] POST https://cloudresourcemanager.googleapis.com/v1/projects/notion-integration-83432:testIamPermissions [none]
[debug] [2023-02-09T05:55:15.290Z] >>> [apiv2][(partial)header] POST https://cloudresourcemanager.googleapis.com/v1/projects/notion-integration-83432:testIamPermissions x-goog-quota-user=projects/notion-integration-83432
[debug] [2023-02-09T05:55:15.290Z] >>> [apiv2][body] POST https://cloudresourcemanager.googleapis.com/v1/projects/notion-integration-83432:testIamPermissions {"permissions":["firebase.projects.get"]}
[debug] [2023-02-09T05:55:15.414Z] <<< [apiv2][status] POST https://cloudresourcemanager.googleapis.com/v1/projects/notion-integration-83432:testIamPermissions 200
[debug] [2023-02-09T05:55:15.414Z] <<< [apiv2][body] POST https://cloudresourcemanager.googleapis.com/v1/projects/notion-integration-83432:testIamPermissions {"permissions":["firebase.projects.get"]}
[debug] [2023-02-09T05:55:15.414Z] >>> [apiv2][query] GET https://serviceusage.googleapis.com/v1/projects/notion-integration-83432/services/cloudfunctions.googleapis.com [none]
[debug] [2023-02-09T05:55:15.414Z] >>> [apiv2][(partial)header] GET https://serviceusage.googleapis.com/v1/projects/notion-integration-83432/services/cloudfunctions.googleapis.com x-goog-quota-user=projects/notion-integration-83432
[debug] [2023-02-09T05:55:15.415Z] >>> [apiv2][query] GET https://serviceusage.googleapis.com/v1/projects/notion-integration-83432/services/runtimeconfig.googleapis.com [none]
[debug] [2023-02-09T05:55:15.415Z] >>> [apiv2][(partial)header] GET https://serviceusage.googleapis.com/v1/projects/notion-integration-83432/services/runtimeconfig.googleapis.com x-goog-quota-user=projects/notion-integration-83432
[debug] [2023-02-09T05:55:15.719Z] <<< [apiv2][status] GET https://serviceusage.googleapis.com/v1/projects/notion-integration-83432/services/runtimeconfig.googleapis.com 200
[debug] [2023-02-09T05:55:15.719Z] <<< [apiv2][body] GET https://serviceusage.googleapis.com/v1/projects/notion-integration-83432/services/runtimeconfig.googleapis.com [omitted]
[debug] [2023-02-09T05:55:15.724Z] <<< [apiv2][status] GET https://serviceusage.googleapis.com/v1/projects/notion-integration-83432/services/cloudfunctions.googleapis.com 200
[debug] [2023-02-09T05:55:15.724Z] <<< [apiv2][body] GET https://serviceusage.googleapis.com/v1/projects/notion-integration-83432/services/cloudfunctions.googleapis.com [omitted]
[info] 
Detected existing codebase(s): default

[info] 
Overwriting codebase default...

[info] ✔  Wrote functions/package.json 
[info] ✔  Wrote functions/index.js 
[info] ✔  Wrote functions/.eslintrc.js 
[info] ✔  Wrote functions/.gitignore 
